22:44:58  Namespace(maxsize=8, mealy=True, minsize=1, moore=True, spec='../../benchmarks/others/full_arbiter4.ltl', verbose=0)
22:44:58  Ltl2UCW: converting:
(!((G(((r1=1) -> (F((g1=1))))))))
22:44:58  Ltl2UCW: converting:
(!((G((!(((g2=1) * (g3=1))))))))
22:44:58  Ltl2UCW: converting:
(!((G(((r3=1) -> (F((g3=1))))))))
22:44:58  Ltl2UCW: converting:
(!((!((F((((g3=1) * (X(((r3=0) * (g3=0))))) * (X((((r3=0) * (g3=0)) U ((g3=1) * (r3=0))))))))))))
22:44:58  Ltl2UCW: converting:
(!((!((F((((g1=1) * (X(((r1=0) * (g1=0))))) * (X((((r1=0) * (g1=0)) U ((g1=1) * (r1=0))))))))))))
22:44:58  Ltl2UCW: converting:
(!((!((F((((g2=1) * (X(((r2=0) * (g2=0))))) * (X((((r2=0) * (g2=0)) U ((g2=1) * (r2=0))))))))))))
22:44:58  Ltl2UCW: converting:
(!((G((!(((g1=1) * (g3=1))))))))
22:44:58  Ltl2UCW: converting:
(!((G(((r0=1) -> (F((g0=1))))))))
22:44:58  Ltl2UCW: converting:
(!((G((((r2=0) * (g2=1)) -> (F((((r2=1) * (g2=1)) + (g2=0)))))))))
22:44:58  Ltl2UCW: converting:
(!((!((((r3=0) * (g3=0)) U ((r3=0) * (g3=1)))))))
22:44:58  Ltl2UCW: converting:
(!((G((((r3=0) * (g3=1)) -> (F((((r3=1) * (g3=1)) + (g3=0)))))))))
22:44:58  Ltl2UCW: converting:
(!((!((((r1=0) * (g1=0)) U ((r1=0) * (g1=1)))))))
22:44:58  Ltl2UCW: converting:
(!((G(((r2=1) -> (F((g2=1))))))))
22:44:58  Ltl2UCW: converting:
(!((!((((r2=0) * (g2=0)) U ((r2=0) * (g2=1)))))))
22:44:58  Ltl2UCW: converting:
(!((G((!(((g0=1) * (g3=1))))))))
22:44:58  Ltl2UCW: converting:
(!((G((!(((g1=1) * (g2=1))))))))
22:44:58  Ltl2UCW: converting:
(!((G((!(((g0=1) * (g1=1))))))))
22:44:58  Ltl2UCW: converting:
(!((G((((r1=0) * (g1=1)) -> (F((((r1=1) * (g1=1)) + (g1=0)))))))))
22:44:58  Ltl2UCW: converting:
(!((G((((r0=0) * (g0=1)) -> (F((((r0=1) * (g0=1)) + (g0=0)))))))))
22:44:58  Ltl2UCW: converting:
(!((!((F((((g0=1) * (X(((r0=0) * (g0=0))))) * (X((((r0=0) * (g0=0)) U ((g0=1) * (r0=0))))))))))))
22:44:58  Ltl2UCW: converting:
(!((!((((r0=0) * (g0=0)) U ((r0=0) * (g0=1)))))))
22:44:58  Ltl2UCW: converting:
(!((G((!(((g0=1) * (g2=1))))))))
22:44:58  LTL is:
!(True) + True * !(True * True) + !(r3=0 * g3=0 U r3=0 * g3=1) * !(r1=0 * g1=0 U r1=0 * g1=1) * !(F(g0=1 * X(r0=0 * g0=0) * X(r0=0 * g0=0 U g0=1 * r0=0))) * !(r2=0 * g2=0 U r2=0 * g2=1) * G(!(g2=1 * g3=1)) * G(!(g1=1 * g3=1)) * G(!(g0=1 * g3=1)) * G(!(g1=1 * g2=1)) * G(!(g0=1 * g1=1)) * !(r0=0 * g0=0 U r0=0 * g0=1) * !(F(g3=1 * X(r3=0 * g3=0) * X(r3=0 * g3=0 U g3=1 * r3=0))) * !(F(g1=1 * X(r1=0 * g1=0) * X(r1=0 * g1=0 U g1=1 * r1=0))) * !(F(g2=1 * X(r2=0 * g2=0) * X(r2=0 * g2=0 U g2=1 * r2=0))) * G(!(g0=1 * g2=1)) * !(True * True * True) + G(r1=0 * g1=1 -> F(r1=1 * g1=1 + g1=0)) * G(r3=0 * g3=1 -> F(r3=1 * g3=1 + g3=0)) * G(r0=0 * g0=1 -> F(r0=1 * g0=1 + g0=0)) * G(r1=1 -> F(g1=1)) * G(r2=1 -> F(g2=1)) * G(r3=1 -> F(g3=1)) * G(r0=1 -> F(g0=1)) * G(r2=0 * g2=1 -> F(r2=1 * g2=1 + g2=0))
22:44:58  Ltl2UCW: converting:
(!(((((!(TRUE)) + TRUE) * ((!((TRUE * TRUE))) + ((((((((((((((!((((r3=0) * (g3=0)) U ((r3=0) * (g3=1))))) * (!((((r1=0) * (g1=0)) U ((r1=0) * (g1=1)))))) * (!((F((((g0=1) * (X(((r0=0) * (g0=0))))) * (X((((r0=0) * (g0=0)) U ((g0=1) * (r0=0))))))))))) * (!((((r2=0) * (g2=0)) U ((r2=0) * (g2=1)))))) * (G((!(((g2=1) * (g3=1))))))) * (G((!(((g1=1) * (g3=1))))))) * (G((!(((g0=1) * (g3=1))))))) * (G((!(((g1=1) * (g2=1))))))) * (G((!(((g0=1) * (g1=1))))))) * (!((((r0=0) * (g0=0)) U ((r0=0) * (g0=1)))))) * (!((F((((g3=1) * (X(((r3=0) * (g3=0))))) * (X((((r3=0) * (g3=0)) U ((g3=1) * (r3=0))))))))))) * (!((F((((g1=1) * (X(((r1=0) * (g1=0))))) * (X((((r1=0) * (g1=0)) U ((g1=1) * (r1=0))))))))))) * (!((F((((g2=1) * (X(((r2=0) * (g2=0))))) * (X((((r2=0) * (g2=0)) U ((g2=1) * (r2=0))))))))))) * (G((!(((g0=1) * (g2=1))))))))) * ((!(((TRUE * TRUE) * TRUE))) + ((((((((G((((r1=0) * (g1=1)) -> (F((((r1=1) * (g1=1)) + (g1=0))))))) * (G((((r3=0) * (g3=1)) -> (F((((r3=1) * (g3=1)) + (g3=0)))))))) * (G((((r0=0) * (g0=1)) -> (F((((r0=1) * (g0=1)) + (g0=0)))))))) * (G(((r1=1) -> (F((g1=1))))))) * (G(((r2=1) -> (F((g2=1))))))) * (G(((r3=1) -> (F((g3=1))))))) * (G(((r0=1) -> (F((g0=1))))))) * (G((((r2=0) * (g2=1)) -> (F((((r2=1) * (g2=1)) + (g2=0))))))))))))
22:45:00  search
22:45:00  searching a model of size 1..
22:45:00  solve
22:45:00  copying /home/ayrat/projects/party-elli/src/full-arbiter-moore-4/tmpnjijqilj.smt2 into /home/ayrat/projects/party-elli/src/full-arbiter-moore-4/tmpnjijqilj_1.smt2
22:45:00  /home/ayrat/projects/party-elli/src/full-arbiter-moore-4/tmpnjijqilj_1.smt2
22:45:00  searching a model of size 2..
22:45:00  solve
22:45:00  copying /home/ayrat/projects/party-elli/src/full-arbiter-moore-4/tmpnjijqilj.smt2 into /home/ayrat/projects/party-elli/src/full-arbiter-moore-4/tmpnjijqilj_2.smt2
22:45:00  /home/ayrat/projects/party-elli/src/full-arbiter-moore-4/tmpnjijqilj_2.smt2
22:45:00  searching a model of size 3..
22:45:00  solve
22:45:00  copying /home/ayrat/projects/party-elli/src/full-arbiter-moore-4/tmpnjijqilj.smt2 into /home/ayrat/projects/party-elli/src/full-arbiter-moore-4/tmpnjijqilj_3.smt2
22:45:00  /home/ayrat/projects/party-elli/src/full-arbiter-moore-4/tmpnjijqilj_3.smt2
22:45:00  searching a model of size 4..
22:45:00  solve
22:45:00  copying /home/ayrat/projects/party-elli/src/full-arbiter-moore-4/tmpnjijqilj.smt2 into /home/ayrat/projects/party-elli/src/full-arbiter-moore-4/tmpnjijqilj_4.smt2
22:45:00  /home/ayrat/projects/party-elli/src/full-arbiter-moore-4/tmpnjijqilj_4.smt2
22:45:00  searching a model of size 5..
22:45:00  solve
22:45:00  copying /home/ayrat/projects/party-elli/src/full-arbiter-moore-4/tmpnjijqilj.smt2 into /home/ayrat/projects/party-elli/src/full-arbiter-moore-4/tmpnjijqilj_5.smt2
22:45:00  /home/ayrat/projects/party-elli/src/full-arbiter-moore-4/tmpnjijqilj_5.smt2
22:45:00  searching a model of size 6..
22:45:00  solve
22:45:00  copying /home/ayrat/projects/party-elli/src/full-arbiter-moore-4/tmpnjijqilj.smt2 into /home/ayrat/projects/party-elli/src/full-arbiter-moore-4/tmpnjijqilj_6.smt2
22:45:00  /home/ayrat/projects/party-elli/src/full-arbiter-moore-4/tmpnjijqilj_6.smt2
22:45:00  searching a model of size 7..
22:45:00  solve
22:45:00  copying /home/ayrat/projects/party-elli/src/full-arbiter-moore-4/tmpnjijqilj.smt2 into /home/ayrat/projects/party-elli/src/full-arbiter-moore-4/tmpnjijqilj_7.smt2
22:45:00  /home/ayrat/projects/party-elli/src/full-arbiter-moore-4/tmpnjijqilj_7.smt2
22:45:00  searching a model of size 8..
22:45:00  solve
22:45:00  copying /home/ayrat/projects/party-elli/src/full-arbiter-moore-4/tmpnjijqilj.smt2 into /home/ayrat/projects/party-elli/src/full-arbiter-moore-4/tmpnjijqilj_8.smt2
22:45:00  /home/ayrat/projects/party-elli/src/full-arbiter-moore-4/tmpnjijqilj_8.smt2
22:45:00  unrealizable
